{"/Users/joeklause/alchemy/career-track/labs/lab-class-03/lib/document-collection.js": {"path":"/Users/joeklause/alchemy/career-track/labs/lab-class-03/lib/document-collection.js","statementMap":{"0":{"start":{"line":1,"column":14},"end":{"line":1,"column":32}},"1":{"start":{"line":2,"column":16},"end":{"line":2,"column":34}},"2":{"start":{"line":3,"column":13},"end":{"line":3,"column":28}},"3":{"start":{"line":8,"column":4},"end":{"line":8,"column":25}},"4":{"start":{"line":14,"column":4},"end":{"line":14,"column":35}},"5":{"start":{"line":15,"column":4},"end":{"line":15,"column":27}},"6":{"start":{"line":17,"column":21},"end":{"line":17,"column":64}},"7":{"start":{"line":19,"column":4},"end":{"line":22,"column":9}},"8":{"start":{"line":21,"column":8},"end":{"line":21,"column":22}},"9":{"start":{"line":29,"column":21},"end":{"line":29,"column":57}},"10":{"start":{"line":31,"column":4},"end":{"line":34,"column":9}},"11":{"start":{"line":33,"column":8},"end":{"line":33,"column":34}},"12":{"start":{"line":40,"column":4},"end":{"line":49,"column":9}},"13":{"start":{"line":43,"column":8},"end":{"line":48,"column":12}},"14":{"start":{"line":45,"column":21},"end":{"line":45,"column":42}},"15":{"start":{"line":46,"column":10},"end":{"line":46,"column":30}},"16":{"start":{"line":54,"column":0},"end":{"line":54,"column":36}}},"fnMap":{"0":{"name":"(anonymous_0)","decl":{"start":{"line":7,"column":2},"end":{"line":7,"column":3}},"loc":{"start":{"line":7,"column":22},"end":{"line":9,"column":3}},"line":7},"1":{"name":"(anonymous_1)","decl":{"start":{"line":12,"column":2},"end":{"line":12,"column":3}},"loc":{"start":{"line":12,"column":15},"end":{"line":24,"column":3}},"line":12},"2":{"name":"(anonymous_2)","decl":{"start":{"line":20,"column":12},"end":{"line":20,"column":13}},"loc":{"start":{"line":20,"column":18},"end":{"line":22,"column":7}},"line":20},"3":{"name":"(anonymous_3)","decl":{"start":{"line":27,"column":2},"end":{"line":27,"column":3}},"loc":{"start":{"line":27,"column":10},"end":{"line":36,"column":3}},"line":27},"4":{"name":"(anonymous_4)","decl":{"start":{"line":32,"column":12},"end":{"line":32,"column":13}},"loc":{"start":{"line":32,"column":22},"end":{"line":34,"column":7}},"line":32},"5":{"name":"(anonymous_5)","decl":{"start":{"line":38,"column":2},"end":{"line":38,"column":3}},"loc":{"start":{"line":38,"column":11},"end":{"line":51,"column":3}},"line":38},"6":{"name":"(anonymous_6)","decl":{"start":{"line":41,"column":12},"end":{"line":41,"column":13}},"loc":{"start":{"line":41,"column":25},"end":{"line":49,"column":7}},"line":41},"7":{"name":"(anonymous_7)","decl":{"start":{"line":43,"column":41},"end":{"line":43,"column":42}},"loc":{"start":{"line":43,"column":49},"end":{"line":48,"column":9}},"line":43}},"branchMap":{},"s":{"0":1,"1":1,"2":1,"3":3,"4":1,"5":1,"6":1,"7":1,"8":1,"9":2,"10":2,"11":2,"12":1,"13":1,"14":1,"15":1,"16":1},"f":{"0":3,"1":1,"2":1,"3":2,"4":2,"5":1,"6":1,"7":1},"b":{},"_coverageSchema":"43e27e138ebf9cfc5966b082cf9a028302ed4184","hash":"86eb33f8a33f965827eabbba3e699b4244558119"}
}
