TN:
SF:/Users/joeklause/alchemy/career-track/labs/lab-class-03/lib/document-collection.js
FN:7,(anonymous_0)
FN:12,(anonymous_1)
FN:20,(anonymous_2)
FN:27,(anonymous_3)
FN:32,(anonymous_4)
FN:38,(anonymous_5)
FN:41,(anonymous_6)
FN:43,(anonymous_7)
FNF:8
FNH:8
FNDA:3,(anonymous_0)
FNDA:1,(anonymous_1)
FNDA:1,(anonymous_2)
FNDA:2,(anonymous_3)
FNDA:2,(anonymous_4)
FNDA:1,(anonymous_5)
FNDA:1,(anonymous_6)
FNDA:1,(anonymous_7)
DA:1,1
DA:2,1
DA:3,1
DA:8,3
DA:14,1
DA:15,1
DA:17,1
DA:19,1
DA:21,1
DA:29,2
DA:31,2
DA:33,2
DA:40,1
DA:43,1
DA:45,1
DA:46,1
DA:54,1
LF:17
LH:17
BRF:0
BRH:0
end_of_record
