TN:
SF:/Users/joeklause/alchemy/career-track/labs/lab-class-03/lib/document-collection.js
FN:7,(anonymous_0)
FN:12,(anonymous_1)
FN:19,(anonymous_2)
FN:24,(anonymous_3)
FN:28,(anonymous_4)
FN:32,(anonymous_5)
FN:37,(anonymous_6)
FN:41,(anonymous_7)
FN:43,(anonymous_8)
FN:45,(anonymous_9)
FN:51,(anonymous_10)
FNF:11
FNH:8
FNDA:3,(anonymous_0)
FNDA:1,(anonymous_1)
FNDA:1,(anonymous_2)
FNDA:0,(anonymous_3)
FNDA:2,(anonymous_4)
FNDA:2,(anonymous_5)
FNDA:0,(anonymous_6)
FNDA:1,(anonymous_7)
FNDA:1,(anonymous_8)
FNDA:1,(anonymous_9)
FNDA:0,(anonymous_10)
DA:1,1
DA:2,1
DA:3,1
DA:8,3
DA:13,1
DA:14,1
DA:16,1
DA:18,1
DA:21,1
DA:24,0
DA:29,2
DA:31,2
DA:34,2
DA:37,0
DA:42,1
DA:45,1
DA:47,1
DA:48,1
DA:51,0
DA:56,1
LF:20
LH:17
BRF:0
BRH:0
end_of_record
